C51 COMPILER V9.52.0.0   MIAN                                                              03/04/2024 17:31:34 PAGE 1   


C51 COMPILER V9.52.0.0, COMPILATION OF MODULE MIAN
OBJECT MODULE PLACED IN mian.OBJ
COMPILER INVOKED BY: D:\keil\C51\BIN\C51.EXE mian.c BROWSE DEBUG OBJECTEXTEND TABS(2)

line level    source

   1          #include"reg52.h"
   2          #include"intrins.h"
   3          
   4          sbit sg90_con = P1^1;
   5          sbit steering= P2^6;
   6          sbit led1 = P3^6;
   7          sbit led2 = P3^7;
   8          int time=0;
   9          int angle=0;
  10          void Delay1000ms();
  11          void Delay300ms();
  12          void overtime() interrupt 1
  13          {
  14   1        time++;
  15   1        TL0 = 0x33;
  16   1        TH0 = 0xFE;
  17   1        if(time == 1){
  18   2          sg90_con = 1;
  19   2        }
  20   1        if(time == angle){
  21   2          sg90_con = 0;
  22   2        }
  23   1          
  24   1        if(time == 40){
  25   2          time = 0;
  26   2          sg90_con = 0;
  27   2              
  28   2        }
  29   1      }
  30          int main(){
  31   1        void Delay300ms();
  32   1        //1 初始化
  33   1        TMOD &= 0xf0;
  34   1        TMOD |= 0x01;
  35   1        //2 计算需要的时间
  36   1        TL0 = 0x33;
  37   1        TH0 = 0xFE;
  38   1        //3 开始运行
  39   1        TR0 = 1;
  40   1        TF0 = 0;
  41   1        //打开中断
  42   1        ET0 = 1;
  43   1        //打开总线
  44   1        EA = 1;
  45   1        steering =0;
  46   1        while(1){
  47   2          
  48   2          if(steering == 1){
  49   3          angle = 4;
  50   3          Delay1000ms();
  51   3          }else{
  52   3          angle = 2;
  53   3          }
  54   2          
  55   2          if(steering == 1){
C51 COMPILER V9.52.0.0   MIAN                                                              03/04/2024 17:31:34 PAGE 2   

  56   3            led1 = 0;
  57   3          }else{
  58   3            led2 = 0;
  59   3          }
  60   2        }
  61   1      }
  62          void Delay1000ms()    //@11.0592MHz
  63          {
  64   1        unsigned char i, j, k;
  65   1        _nop_();
  66   1        i = 8;
  67   1        j = 1;
  68   1        k = 243;
  69   1        do
  70   1        {
  71   2          do
  72   2          {
  73   3            while (--k);
  74   3          } while (--j);
  75   2        } while (--i);
  76   1      }
  77          void Delay300ms()   //@11.0592MHz
  78          {
  79   1        unsigned char i, j, k;
  80   1        _nop_();
  81   1        i = 3;
  82   1        j = 26;
  83   1        k = 223;
  84   1        do
  85   1        {
  86   2          do
  87   2          {
  88   3            while (--k);
  89   3          } while (--j);
  90   2        } while (--i);
  91   1      }


MODULE INFORMATION:   STATIC OVERLAYABLE
   CODE SIZE        =    140    ----
   CONSTANT SIZE    =   ----    ----
   XDATA SIZE       =   ----    ----
   PDATA SIZE       =   ----    ----
   DATA SIZE        =      4    ----
   IDATA SIZE       =   ----    ----
   BIT SIZE         =   ----    ----
END OF MODULE INFORMATION.


C51 COMPILATION COMPLETE.  0 WARNING(S),  0 ERROR(S)
