C51 COMPILER V9.52.0.0   MIAN                                                              03/08/2024 11:16:42 PAGE 1   


C51 COMPILER V9.52.0.0, COMPILATION OF MODULE MIAN
OBJECT MODULE PLACED IN mian.OBJ
COMPILER INVOKED BY: D:\keil\C51\BIN\C51.EXE mian.c BROWSE DEBUG OBJECTEXTEND TABS(2)

line level    source

   1          #include"reg52.h"
   2          #include"intrins.h"
   3          #include<string.h>
   4          #define lcddata P2
   5          
   6          sbit RS=P0^7;
   7          sbit RW=P0^6;
   8          sbit EN=P0^5;
   9          
  10          
  11          void Delay15ms();
  12          void Delay5ms();
  13          void write_data(char cmd);
  14          void write_command(char cmd);
  15          void lcdinit();
  16          void check_busy();
  17          void writedataline(char position , char array , char latter[]);
  18          
  19          void main(){
  20   1        char position = 0x80+0x05;
  21   1        char latter[] ="wozhen" ;
  22   1      
  23   1        lcdinit();
  24   1        Delay15ms();
  25   1        writedataline(position , 2,latter);
  26   1        writedataline(position , 1,latter);
  27   1      //  write_command(position);
  28   1      //  write_data(latter);
  29   1      //  WriteCommandLCD(position);
  30   1      //  WriteDataLCD(latter);
  31   1        
  32   1      }
  33          void writedataline(char position , char array , char latter[]){
  34   1        char arrays;
  35   1        int i = 0;
  36   1        switch(array){
  37   2          case 1:
  38   2            write_command(position);
  39   2            while(*latter){
  40   3              write_data(*latter);
  41   3              latter++;
  42   3            }
  43   2            break;
  44   2          case 2:
  45   2            arrays = position+0x40;
  46   2            write_command(arrays);
  47   2      /*    while(i<len){
  48   2            write_data(latter[i]);
  49   2          }*/
  50   2            while(*latter){
  51   3              write_data(*latter);
  52   3              latter++;
  53   3            }
  54   2            break;
  55   2        }
C51 COMPILER V9.52.0.0   MIAN                                                              03/08/2024 11:16:42 PAGE 2   

  56   1      }
  57          void write_data(char cmd){
  58   1        check_busy();
  59   1        RS =1;
  60   1        RW = 0;
  61   1        
  62   1          EN = 0;
  63   1        _nop_();
  64   1        lcddata = cmd;
  65   1          _nop_();
  66   1        EN = 1;
  67   1        _nop_();
  68   1        _nop_();
  69   1        EN = 0;
  70   1        _nop_();
  71   1      }
  72          void write_command(char cmd){
  73   1        check_busy();
  74   1        RS =0;
  75   1        RW = 0;
  76   1        
  77   1        EN = 0;
  78   1        _nop_();
  79   1        lcddata = cmd;
  80   1          _nop_();
  81   1        EN = 1;
  82   1        _nop_();
  83   1        _nop_();
  84   1        EN = 0;
  85   1        _nop_();
  86   1      }
  87          void lcdinit(){
  88   1        Delay15ms();
  89   1        write_command(0x38);
  90   1        Delay5ms();
  91   1        write_command(0x38);
  92   1        Delay5ms();
  93   1        write_command(0x38);
  94   1        Delay5ms();
  95   1        write_command(0x38);
  96   1        write_command(0x08);
  97   1        write_command(0x01);
  98   1        write_command(0x06);
  99   1        write_command(0x0c);
 100   1        
 101   1      }
 102          void check_busy(){
 103   1        char tmp = 0x80;
 104   1        lcddata = 0x80;
 105   1      //  while(read_command(tmp) & 0x80);
 106   1        while(tmp & 0x80){
 107   2          RS =0;
 108   2          RW = 1;
 109   2        
 110   2          EN = 0;
 111   2          _nop_();
 112   2      
 113   2          EN = 1;
 114   2          _nop_();
 115   2          _nop_();
 116   2          tmp = lcddata;
 117   2          EN = 0;
C51 COMPILER V9.52.0.0   MIAN                                                              03/08/2024 11:16:42 PAGE 3   

 118   2          _nop_();
 119   2        }
 120   1      }
 121          void Delay15ms()    //@11.0592MHz
 122          {
 123   1        unsigned char i, j;
 124   1      
 125   1        i = 27;
 126   1        j = 226;
 127   1        do
 128   1        {
 129   2          while (--j);
 130   2        } while (--i);
 131   1      }
 132          void Delay5ms()   //@11.0592MHz
 133          {
 134   1        unsigned char i, j;
 135   1      
 136   1        i = 9;
 137   1        j = 244;
 138   1        do
 139   1        {
 140   2          while (--j);
 141   2        } while (--i);
 142   1      }


MODULE INFORMATION:   STATIC OVERLAYABLE
   CODE SIZE        =    291    ----
   CONSTANT SIZE    =      7    ----
   XDATA SIZE       =   ----    ----
   PDATA SIZE       =   ----    ----
   DATA SIZE        =   ----      16
   IDATA SIZE       =   ----    ----
   BIT SIZE         =   ----    ----
END OF MODULE INFORMATION.


C51 COMPILATION COMPLETE.  0 WARNING(S),  0 ERROR(S)
