C51 COMPILER V9.52.0.0   MIAN                                                              02/29/2024 21:50:16 PAGE 1   


C51 COMPILER V9.52.0.0, COMPILATION OF MODULE MIAN
OBJECT MODULE PLACED IN mian.OBJ
COMPILER INVOKED BY: D:\keil\C51\BIN\C51.EXE mian.c BROWSE DEBUG OBJECTEXTEND TABS(2)

line level    source

   1          #include"reg52.h"
   2          #include"intrins.h"
   3          sbit led6 = P3^6;//D4 led
   4          sbit led5 = P3^7;//D5 led
   5          void Delay2000ms()  ;
   6          int main(){
   7   1          
   8   1      }
   9          void Delay2000ms()    //@11.0592MHz
  10          {
  11   1        unsigned char i, j, k;
  12   1      
  13   1        _nop_();
  14   1        i = 15;
  15   1        j = 2;
  16   1        k = 235;
  17   1        do
  18   1        {
  19   2          do
  20   2          {
  21   3            while (--k);
  22   3          } while (--j);
  23   2        } while (--i);
  24   1      }
*** WARNING C290 IN LINE 8 OF mian.c: missing return value


MODULE INFORMATION:   STATIC OVERLAYABLE
   CODE SIZE        =     15    ----
   CONSTANT SIZE    =   ----    ----
   XDATA SIZE       =   ----    ----
   PDATA SIZE       =   ----    ----
   DATA SIZE        =   ----    ----
   IDATA SIZE       =   ----    ----
   BIT SIZE         =   ----    ----
END OF MODULE INFORMATION.


C51 COMPILATION COMPLETE.  1 WARNING(S),  0 ERROR(S)
