C51 COMPILER V9.52.0.0   MIAN                                                              03/01/2024 17:26:10 PAGE 1   


C51 COMPILER V9.52.0.0, COMPILATION OF MODULE MIAN
OBJECT MODULE PLACED IN mian.OBJ
COMPILER INVOKED BY: D:\keil\C51\BIN\C51.EXE mian.c BROWSE DEBUG OBJECTEXTEND TABS(2)

line level    source

   1          #include"reg52.h"
   2          #include"intrins.h"
   3          //sbit led5 = P3^7;
   4          //sbit led6 = P3^6;
   5          sbit relay = P1^1;
   6          sbit remote_D0 = P1^5;
   7          sbit remote_D1 = P1^6;
   8          sbit vibrate = P2^1;
   9          void Delay2000ms();
  10          void main(){
  11   1        int mark;
  12   1        while(1){
  13   2          if(remote_D0 == 1){
  14   3            mark = 0;
  15   3            relay = 0;
  16   3            Delay2000ms();
  17   3            relay = 1;
  18   3      //      led5 = 0;
  19   3      //      led6 = 1;
  20   3          }
  21   2          if(remote_D1 == 1){
  22   3      //      led5 = 1;
  23   3      //      led6 = 0;
  24   3            relay = 1; 
  25   3            mark = 1;
  26   3          }
  27   2          if( mark == 0){
  28   3            if( vibrate == 0){
  29   4              relay = 0;
  30   4              Delay2000ms();
  31   4            }
  32   3          //  Delay2000ms();
  33   3          }else if(mark == 1){
  34   3            relay = 1;
  35   3          }
  36   2        }
  37   1      }
  38          void Delay2000ms()    //@11.0592MHz
  39          {
  40   1        unsigned char i, j, k;
  41   1      
  42   1        _nop_();
  43   1        i = 15;
  44   1        j = 2;
  45   1        k = 235;
  46   1        do
  47   1        {
  48   2          do
  49   2          {
  50   3            while (--k);
  51   3          } while (--j);
  52   2        } while (--i);
  53   1      }


C51 COMPILER V9.52.0.0   MIAN                                                              03/01/2024 17:26:10 PAGE 2   

MODULE INFORMATION:   STATIC OVERLAYABLE
   CODE SIZE        =     68    ----
   CONSTANT SIZE    =   ----    ----
   XDATA SIZE       =   ----    ----
   PDATA SIZE       =   ----    ----
   DATA SIZE        =   ----       2
   IDATA SIZE       =   ----    ----
   BIT SIZE         =   ----    ----
END OF MODULE INFORMATION.


C51 COMPILATION COMPLETE.  0 WARNING(S),  0 ERROR(S)
