C51 COMPILER V9.52.0.0   MIAN                                                              03/06/2024 12:00:48 PAGE 1   


C51 COMPILER V9.52.0.0, COMPILATION OF MODULE MIAN
OBJECT MODULE PLACED IN mian.OBJ
COMPILER INVOKED BY: D:\keil\C51\BIN\C51.EXE mian.c BROWSE DEBUG OBJECTEXTEND TABS(2)

line level    source

   1          #include"reg52.h"
   2          #include"intrins.h"
   3          #include<string.h>
   4          #include<stdlib.h>
   5          
   6          #define num 12
   7          sbit led6 = P3^6;//D4 led
   8          sbit led5 = P3^7;//D5 led
   9          sfr AUXR = 0x8e;
  10          int mark=0;
  11          
  12          
  13          char array[num];
  14          char send_ok=0;
  15          char wifi_connect=0;
  16          char reset[]="AT+RST";
  17          char uart[]="AT+UART=9600,8,1,0,0\r\n";
  18          code char wifi[]="AT+CWJAP=\"YXS1017\",\"yuanxueshe1017\"\r\n";
  19          code char tcp[]="AT+CIPSTART=\"TCP\",\"192.168.1.210\",8880\r\n";
  20          char TCMS[]  = "AT+CIPMODE=1\r\n";
  21          char SJCS[]  = "AT+CIPSEND\r\n";
  22          
  23          void uart_init();
  24          void Delay2000ms();
  25          void Delay3ms();
  26          void Delay1000ms();
  27          void sendbyte(char data1);
  28          void sendstring(char *pp);
  29          void INTRinit();
  30          void INTR();
  31          
  32          
  33          void main(){
  34   1        uart_init();
  35   1        INTRinit();
  36   1        Delay2000ms();
  37   1        
  38   1        sendstring(wifi);
  39   1        while(!send_ok);
  40   1        send_ok=0;
  41   1        
  42   1        sendstring(tcp);
  43   1        while(!send_ok);
  44   1        send_ok=0;
  45   1        
  46   1        sendstring(TCMS);
  47   1        while(!send_ok);
  48   1        send_ok=0;
  49   1        
  50   1        sendstring(SJCS);
  51   1      
  52   1        Delay2000ms();
  53   1        while(1){
  54   2          sendstring("fuck!\r\n");
  55   2              Delay2000ms();
C51 COMPILER V9.52.0.0   MIAN                                                              03/06/2024 12:00:48 PAGE 2   

  56   2        }
  57   1      }
  58          
  59          void INTRinit(){
  60   1        EA = 1;
  61   1        ES = 1;
  62   1      }
  63          
  64          void INTR() interrupt 4{
  65   1        static char i=0;
  66   1        char test;
  67   1        if(RI == 1){
  68   2          RI = 0;
  69   2          test = SBUF;
  70   2          if(test == 'W' || test == 'O' || test =='L' || test == 'F'){
  71   3            i=0;
  72   3          }
  73   2          array[i] = test;
  74   2          i++;
  75   2          if(array[0] == 'W' && array[5] == 'C')
  76   2          {
  77   3            wifi_connect=1;
  78   3            memset(array,'\0',num);
  79   3          }
  80   2          if(array[0] == 'O' && array[1] == 'K')
  81   2          {
  82   3            send_ok=1;
  83   3            memset(array,'\0',num);
  84   3          }
  85   2          if(array[0] == 'L' && array[1] == '1')
  86   2          {
  87   3            led5=0;
  88   3            memset(array,'\0',num);
  89   3          }
  90   2          if(array[0] == 'L' && array[1] == '0')
  91   2          {
  92   3            led5=1;
  93   3            memset(array,'\0',num);
  94   3          }
  95   2          if(array[0] == 'F' && array[3] == 'A')
  96   2          {
  97   3            for(i;i<5;i++){
  98   4              led6=0;
  99   4              Delay1000ms();
 100   4              led6=1;
 101   4              Delay1000ms();
 102   4            }
 103   3            sendstring(reset);
 104   3            memset(array,'\0',num);
 105   3          }
 106   2          if(i == num){
 107   3            i=0;
 108   3          }
 109   2        }
 110   1      }
 111          
 112          void Delay2000ms()    //@11.0592MHz
 113          {
 114   1        unsigned char i, j, k;
 115   1      
 116   1        _nop_();
 117   1        i = 15;
C51 COMPILER V9.52.0.0   MIAN                                                              03/06/2024 12:00:48 PAGE 3   

 118   1        j = 2;
 119   1        k = 235;
 120   1        do
 121   1        {
 122   2          do
 123   2          {
 124   3            while (--k);
 125   3          } while (--j);
 126   2        } while (--i);
 127   1      }
 128          void Delay3ms()   //@11.0592MHz
 129          {
 130   1        unsigned char i, j;
 131   1      
 132   1        _nop_();
 133   1        _nop_();
 134   1        i = 33;
 135   1        j = 66;
 136   1        do
 137   1        {
 138   2          while (--j);
 139   2        } while (--i);
 140   1      }
 141          void uart_init(){
 142   1        AUXR = 0X01;
 143   1        SCON = 0x50;
 144   1        TMOD &= 0x0f;
 145   1        TMOD |= 0x20;
 146   1        TH1 = 0XFD;
 147   1        TH1 = 0XFD;
 148   1        TR1 = 1;
 149   1      }
 150          void sendbyte(char data1){
 151   1        SBUF = data1;
 152   1        while(!TI);
 153   1        TI = 0;
 154   1      }
 155          void sendstring(char *pp){
 156   1        while(*pp != '\0'){
 157   2          sendbyte(*pp);
 158   2          pp++;
 159   2        }
 160   1      }
 161          void Delay1000ms()    //@11.0592MHz
 162          {
 163   1        unsigned char i, j, k;
 164   1      
 165   1        _nop_();
 166   1        i = 8;
 167   1        j = 1;
 168   1        k = 243;
 169   1        do
 170   1        {
 171   2          do
 172   2          {
 173   3            while (--k);
 174   3          } while (--j);
 175   2        } while (--i);
 176   1      }


MODULE INFORMATION:   STATIC OVERLAYABLE
C51 COMPILER V9.52.0.0   MIAN                                                              03/06/2024 12:00:48 PAGE 4   

   CODE SIZE        =    446    ----
   CONSTANT SIZE    =     87    ----
   XDATA SIZE       =   ----    ----
   PDATA SIZE       =   ----    ----
   DATA SIZE        =     75    ----
   IDATA SIZE       =   ----    ----
   BIT SIZE         =   ----    ----
END OF MODULE INFORMATION.


C51 COMPILATION COMPLETE.  0 WARNING(S),  0 ERROR(S)
