C51 COMPILER V9.52.0.0   MIAN                                                              03/14/2024 11:08:30 PAGE 1   


C51 COMPILER V9.52.0.0, COMPILATION OF MODULE MIAN
OBJECT MODULE PLACED IN mian.OBJ
COMPILER INVOKED BY: D:\keil\C51\BIN\C51.EXE mian.c BROWSE DEBUG OBJECTEXTEND TABS(2)

line level    source

   1          #include"reg52.h"
   2          #include"intrins.h"
   3          #include<string.h>
   4          #include<stdlib.h>
   5          
   6          #define num 12
   7          sbit led6 = P3^6;//D4 led
   8          sbit led5 = P3^7;//D5 led
   9          sfr AUXR = 0x8e;
  10          int mark=0;
  11          
  12          
  13          char array[num];
  14          char send_ok=0;
  15          char client_connect=0;
  16          char wifi_connect=0;
  17          char reset[]="AT+RST";
  18          //char uart[]="AT+UART=9600,8,1,0,0\r\n";
  19          //code char wifi[]="AT+CWJAP=\"YXS1017\",\"yuanxueshe1017\"\r\n";
  20          //code char tcp[]="AT+CIPSTART=\"TCP\",\"192.168.1.210\",8880\r\n";
  21          //char TCMS[]  = "AT+CIPMODE=1\r\n";
  22          //char SJCS[]  = "AT+CIPSEND\r\n";
  23          char route_mode[]="AT+CWMODE=2\r\n";
  24          char shinengduolianjie[]="AT+CIPMUX=1\r\n";
  25          char build_server[]="AT+CIPSERVER=1\r\n";
  26          char FSSJ[]  = "AT+CIPSEND=0,5\r\n";
  27          
  28          void uart_init();
  29          void Delay2000ms();
  30          void sendbyte(char data1);
  31          void sendstring(char *pp);
  32          void INTRinit();
  33          void INTR();
  34          
  35          
  36          void main(){
  37   1        uart_init();
  38   1        INTRinit();
  39   1        led5=1;
  40   1        led6=1;
  41   1        Delay2000ms();
  42   1        sendstring(route_mode);
  43   1        while(!send_ok);
  44   1        send_ok=0;
  45   1        sendstring(shinengduolianjie);
  46   1        while(!send_ok);
  47   1          send_ok=0;
  48   1        sendstring(build_server);
  49   1        while(!client_connect);
  50   1        send_ok=0;
  51   1        if(client_connect){
  52   2          led6=0;
  53   2        }
  54   1        while(1){
  55   2      //    sendstring(FSSJ);
C51 COMPILER V9.52.0.0   MIAN                                                              03/14/2024 11:08:30 PAGE 2   

  56   2      //    Delay2000ms();
  57   2      //    sendstring("fuck!");
  58   2      //        Delay2000ms();
  59   2        }
  60   1      }
  61          
  62          void INTRinit(){
  63   1        EA = 1;
  64   1        ES = 1;
  65   1      }
  66          
  67          void INTR() interrupt 4{
  68   1        static char i=0;
  69   1        char test;
  70   1        if(RI == 1){
  71   2          RI = 0;
  72   2          test = SBUF;
  73   2          if(test == 'W' || test == 'O' || test =='L' || test == '0'){
  74   3            i=0;
  75   3          }
  76   2          array[i] = test;
  77   2          i++;
  78   2          if(array[0] == 'W' && array[5] == 'C')
  79   2          {
  80   3            wifi_connect=1;
  81   3            memset(array,'\0',num);
  82   3          }
  83   2          if(array[0] == '0' && array[2] == 'C')
  84   2          {
  85   3            client_connect=1;
  86   3            memset(array,'\0',num);
  87   3          }
  88   2          if(array[0] == 'O' && array[1] == 'K')
  89   2          {
  90   3            send_ok=1;
  91   3            memset(array,'\0',num);
  92   3          }
  93   2          if(array[0] == 'L' && array[1] == '1')
  94   2          {
  95   3            led5=!led5;
  96   3            memset(array,'\0',num);
  97   3          }
  98   2          if(array[0] == 'L' && array[1] == '7')
  99   2          {
 100   3            led5=1;
 101   3            memset(array,'\0',num);
 102   3          }
 103   2          if(i == num){
 104   3            i=0;
 105   3          }
 106   2        }
 107   1      }
 108          
 109          void Delay2000ms()    //@11.0592MHz
 110          {
 111   1        unsigned char i, j, k;
 112   1      
 113   1        _nop_();
 114   1        i = 15;
 115   1        j = 2;
 116   1        k = 235;
 117   1        do
C51 COMPILER V9.52.0.0   MIAN                                                              03/14/2024 11:08:30 PAGE 3   

 118   1        {
 119   2          do
 120   2          {
 121   3            while (--k);
 122   3          } while (--j);
 123   2        } while (--i);
 124   1      }
 125          void uart_init(){
 126   1        AUXR = 0X01;
 127   1        SCON = 0x50;
 128   1        TMOD &= 0x0f;
 129   1        TMOD |= 0x20;
 130   1        TH1 = 0XFD;
 131   1        TH1 = 0XFD;
 132   1        TR1 = 1;
 133   1      }
 134          void sendbyte(char data1){
 135   1        SBUF = data1;
 136   1        while(!TI);
 137   1        TI = 0;
 138   1      }
 139          void sendstring(char *pp){
 140   1        while(*pp != '\0'){
 141   2          sendbyte(*pp);
 142   2          pp++;
 143   2        }
 144   1      }


MODULE INFORMATION:   STATIC OVERLAYABLE
   CODE SIZE        =    376    ----
   CONSTANT SIZE    =   ----    ----
   XDATA SIZE       =   ----    ----
   PDATA SIZE       =   ----    ----
   DATA SIZE        =     87    ----
   IDATA SIZE       =   ----    ----
   BIT SIZE         =   ----    ----
END OF MODULE INFORMATION.


C51 COMPILATION COMPLETE.  0 WARNING(S),  0 ERROR(S)
