C51 COMPILER V9.52.0.0   MIAN                                                              03/01/2024 19:44:21 PAGE 1   


C51 COMPILER V9.52.0.0, COMPILATION OF MODULE MIAN
OBJECT MODULE PLACED IN mian.OBJ
COMPILER INVOKED BY: D:\keil\C51\BIN\C51.EXE mian.c BROWSE DEBUG OBJECTEXTEND TABS(2)

line level    source

   1          #include"reg52.h"
   2          #include"intrins.h"
   3          sbit led1 = P1^0;//D4 led
   4          sbit led2 = P1^1;//D5 led
   5          sbit led3 = P1^2;
   6          sbit led4 = P1^3;
   7          sbit led5 = P1^4;
   8          sbit led6 = P1^5;
   9          sbit led7 = P1^6;
  10          sbit led8 = P1^7;
  11          int time=0;
  12          void Delay1000ms();
  13          void overtime() interrupt 1
  14          {
  15   1        time++;
  16   1        TL0 = 0x00;
  17   1        TH0 = 0xDC;
  18   1        if(time == 100){
  19   2          time = 0;
  20   2          led1 = !led1;
  21   2          led2 = !led2;
  22   2          led3 = !led3;
  23   2          led4 = !led4;
  24   2              
  25   2        }
  26   1      }
  27          int main(){
  28   1        led1 = 0;
  29   1        led2 = 1;
  30   1        led3 = 0;
  31   1        led4 = 1;
  32   1        led5 = 0;
  33   1        led6 = 1;
  34   1        led7 = 0;
  35   1        led8 = 1;
  36   1        //1 初始化
  37   1        TMOD &= 0xf0;
  38   1        TMOD |= 0x01;
  39   1        //2 计算需要的时间
  40   1        TL0 = 0x00;
  41   1        TH0 = 0xDC;
  42   1        //3 开始运行
  43   1        TR0 = 1;
  44   1        TF0 = 0;
  45   1        //打开中断
  46   1        ET0 = 1;
  47   1        //打开总线
  48   1        EA = 1;
  49   1        while(1){
  50   2          led5 = 1;
  51   2          led6 = 0;
  52   2          led7 = 1;
  53   2          led8 = 0;
  54   2          Delay1000ms();
  55   2          led5 = 0;
C51 COMPILER V9.52.0.0   MIAN                                                              03/01/2024 19:44:21 PAGE 2   

  56   2          led6 = 1;
  57   2          led7 = 0;
  58   2          led8 = 1;
  59   2          Delay1000ms();
  60   2        }
  61   1      }
  62          void Delay1000ms()    //@11.0592MHz
  63          {
  64   1        unsigned char i, j, k;
  65   1      
  66   1        _nop_();
  67   1        _nop_();
  68   1        i = 43;
  69   1        j = 6;
  70   1        k = 203;
  71   1        do
  72   1        {
  73   2          do
  74   2          {
  75   3            while (--k);
  76   3          } while (--j);
  77   2        } while (--i);
  78   1      }


MODULE INFORMATION:   STATIC OVERLAYABLE
   CODE SIZE        =    114    ----
   CONSTANT SIZE    =   ----    ----
   XDATA SIZE       =   ----    ----
   PDATA SIZE       =   ----    ----
   DATA SIZE        =      2    ----
   IDATA SIZE       =   ----    ----
   BIT SIZE         =   ----    ----
END OF MODULE INFORMATION.


C51 COMPILATION COMPLETE.  0 WARNING(S),  0 ERROR(S)
