C51 COMPILER V9.52.0.0   MAIN                                                              03/14/2024 09:40:22 PAGE 1   


C51 COMPILER V9.52.0.0, COMPILATION OF MODULE MAIN
OBJECT MODULE PLACED IN main.OBJ
COMPILER INVOKED BY: D:\keil\C51\BIN\C51.EXE main.c BROWSE DEBUG OBJECTEXTEND TABS(2)

line level    source

   1          #include "reg52.h"
   2          #include "intrins.h"
   3          #include "Oled.h"
   4          code char wenhao[8][8][16] ={{{0x00,0x00,0x00,0x00,0x00,0x00,0x00,0x00,0x00,0x00,0x00,0x00,0x00,0x00,0x00,
             -0x00},{
   5          0x00,0x00,0x00,0x00,0x00,0x00,0x00,0x00,0x00,0x00,0x80,0x80,0xC0,0xC0,0xE0,0xE0},{
   6          0xE0,0xF0,0xF0,0xF0,0xF0,0xF0,0xF0,0xF0,0xF0,0xF0,0xE0,0xE0,0xE0,0xC0,0x00,0x00},{
   7          0x00,0x00,0x00,0x00,0x00,0x00,0x00,0x00,0x00,0x00,0x00,0x00,0x00,0x00,0x00,0x00},{
   8          0x00,0x00,0x00,0x00,0x00,0x00,0x00,0x00,0x00,0x00,0x00,0x00,0x00,0x00,0x00,0x00},{
   9          0x00,0x00,0x00,0x00,0x00,0x00,0x00,0x00,0x00,0x00,0x00,0x00,0x00,0x00,0x00,0x00},{
  10          0x00,0x00,0x00,0x00,0x00,0x00,0x00,0x00,0x00,0x00,0x00,0x00,0x00,0x00,0x00,0x00},{
  11          0x00,0x00,0x00,0x00,0x00,0x00,0x00,0x00,0x00,0x00,0x00,0x00,0x00,0x00,0x00,0x00}},{{
  12          0x00,0x00,0x00,0x00,0x00,0x00,0x00,0x00,0x00,0x00,0x00,0x00,0x00,0x00,0x00,0x00},{
  13          0x00,0x00,0x00,0x00,0x00,0x00,0x00,0xF0,0xFE,0xFF,0xFF,0xFF,0x7F,0x1F,0x0F,0x0F},{
  14          0x07,0x07,0x03,0x03,0x03,0x03,0x03,0x03,0x03,0x07,0x1F,0xFF,0xFF,0xFF,0xFF,0xFE},{
  15          0xF0,0x00,0x00,0x00,0x00,0x00,0x00,0x00,0x00,0x00,0x00,0x00,0x00,0x00,0x00,0x00},{
  16          0x00,0x00,0x00,0x00,0x00,0x00,0x00,0x00,0x00,0x00,0x00,0x00,0x7C,0xFE,0xFE,0xFE},{
  17          0xFE,0xFC,0x00,0x00,0x00,0x00,0x00,0x00,0x00,0x00,0x00,0x00,0x00,0x00,0x00,0x00},{
  18          0x00,0x00,0x00,0x00,0x00,0x00,0x00,0x00,0x00,0x00,0x00,0x00,0x00,0x00,0x00,0x00},{
  19          0x00,0x00,0x00,0x00,0x00,0x00,0x00,0x00,0x00,0x00,0x00,0x00,0x00,0x00,0x00,0x00}},{{
  20          0x00,0x00,0x00,0x00,0x00,0x00,0x00,0x00,0x00,0x00,0x00,0x00,0x00,0x00,0x00,0x00},{
  21          0x00,0x00,0x00,0x00,0x00,0x00,0x00,0x00,0x01,0x01,0x01,0x00,0x00,0x00,0x00,0x00},{
  22          0x00,0x00,0x00,0x00,0x00,0x00,0x00,0x80,0x80,0xC0,0xF0,0xFF,0xFF,0xFF,0xFF,0xFF},{
  23          0x1F,0x00,0x00,0x00,0x00,0x00,0x00,0x00,0x00,0x00,0x00,0x00,0x00,0x00,0x00,0x00},{
  24          0x00,0x00,0x00,0x00,0x00,0x00,0x00,0x00,0x00,0x00,0x00,0x00,0x00,0xC1,0xE1,0xE3},{
  25          0xE1,0xC1,0xC0,0x00,0x00,0x00,0x00,0x00,0x00,0x00,0x00,0x00,0x00,0x00,0x00,0x00},{
  26          0x00,0x00,0x00,0x00,0x00,0x00,0x00,0x00,0x00,0x00,0x00,0x00,0x00,0x00,0x00,0x00},{
  27          0x00,0x00,0x00,0x00,0x00,0x00,0x00,0x00,0x00,0x00,0x00,0x00,0x00,0x00,0x00,0x00}},{{
  28          0x00,0x00,0x00,0x00,0x00,0x00,0x00,0x00,0x00,0x00,0x00,0x00,0x00,0x00,0x00,0x00},{
  29          0x00,0x00,0x00,0x00,0x00,0x00,0x00,0x00,0x00,0x00,0x00,0x00,0x00,0x00,0x00,0x00},{
  30          0x00,0x00,0x00,0xF8,0xFC,0xFE,0xFF,0xFF,0xFF,0x1F,0x0F,0x0F,0x07,0x03,0x01,0x00},{
  31          0x00,0x00,0x00,0x00,0x00,0x00,0x00,0x00,0x00,0x00,0x00,0x00,0x00,0x00,0x00,0x00},{
  32          0x00,0x00,0x00,0x00,0x00,0x00,0x00,0x00,0x00,0x00,0x00,0x00,0x00,0xFF,0xFF,0xFF},{
  33          0xFF,0xFF,0xFF,0x98,0xF8,0xF8,0xF0,0x00,0x00,0x00,0x00,0x00,0x00,0x00,0x00,0x00},{
  34          0x00,0x00,0x00,0x00,0x00,0x00,0x00,0x00,0x00,0x00,0x00,0x00,0x00,0x00,0x00,0x00},{
  35          0x00,0x00,0x00,0x00,0x00,0x00,0x00,0x00,0x00,0x00,0x00,0x00,0x00,0x00,0x00,0x00}},{{
  36          0x00,0x00,0x00,0x00,0x00,0x00,0x00,0x00,0x00,0x00,0x00,0x00,0x00,0x00,0x00,0x00},{
  37          0x00,0x00,0x00,0x00,0x00,0x00,0x00,0x00,0x00,0x00,0x00,0x00,0x00,0x00,0x00,0x00},{
  38          0x00,0x00,0x00,0xFF,0xFF,0xFF,0xFF,0xFF,0xFF,0x00,0x00,0x00,0x00,0x00,0x00,0x00},{
  39          0x00,0x00,0x00,0x00,0x00,0x00,0x00,0x00,0x00,0x00,0x00,0x00,0x00,0x00,0x00,0x00},{
  40          0x00,0x00,0x00,0x00,0x00,0x00,0x00,0x00,0x00,0x00,0x00,0x00,0x00,0x03,0x0F,0x1F},{
  41          0x3F,0x7F,0xFF,0xFF,0xFF,0xFF,0xF9,0xF8,0xF0,0xF0,0xE0,0xE0,0xC0,0x80,0x00,0x00},{
  42          0x00,0x00,0x00,0x00,0x00,0x00,0x00,0x00,0x00,0x00,0x00,0x00,0x00,0x00,0x00,0x00},{
  43          0x00,0x00,0x00,0x00,0x00,0x00,0x00,0x00,0x00,0x00,0x00,0x00,0x00,0x00,0x00,0x00}},{{
  44          0x00,0x00,0x00,0x00,0x00,0x00,0x00,0x00,0x00,0x00,0x00,0x00,0x00,0x00,0x00,0x00},{
  45          0x00,0x00,0x00,0x00,0x00,0x00,0x00,0x00,0x00,0x00,0x00,0x00,0x00,0x00,0x00,0x00},{
  46          0x00,0x00,0x00,0x03,0x07,0x07,0x07,0x07,0x03,0x00,0x00,0x00,0x00,0x00,0x00,0x00},{
  47          0x00,0x00,0x00,0x00,0x00,0x00,0x00,0x00,0x00,0x00,0x00,0x00,0x00,0x00,0x00,0x00},{
  48          0x00,0x00,0x00,0x00,0x80,0xC0,0xC0,0xC0,0xC0,0x80,0x00,0x00,0x00,0x00,0x00,0x00},{
  49          0x00,0x00,0x00,0x00,0x00,0x01,0x01,0x83,0xFF,0xFF,0xFF,0xFF,0xFF,0xFF,0x00,0x00},{
  50          0x00,0x00,0x00,0x00,0x00,0x00,0x00,0x00,0x00,0x00,0x00,0x00,0x00,0x00,0x00,0x00},{
  51          0x00,0x00,0x00,0x00,0x00,0x00,0x00,0x00,0x00,0x00,0x00,0x00,0x00,0x00,0x00,0x00}},{{
  52          0x00,0x00,0x00,0x00,0x00,0x00,0x00,0x00,0x00,0x00,0x00,0x00,0x00,0x00,0x00,0x00},{
  53          0x00,0x00,0x00,0x00,0x00,0x00,0x00,0x00,0x00,0x00,0x00,0x00,0x00,0x00,0x00,0x00},{
  54          0x00,0x00,0x1C,0x3E,0x7F,0xFF,0xFF,0xFF,0xFE,0x78,0x00,0x00,0x00,0x00,0x00,0x00},{
C51 COMPILER V9.52.0.0   MAIN                                                              03/14/2024 09:40:22 PAGE 2   

  55          0x00,0x00,0x00,0x00,0x00,0x00,0x00,0x00,0x00,0x00,0x00,0x00,0x00,0x00,0x00,0x00},{
  56          0x00,0x00,0x00,0x00,0x03,0x07,0x0F,0x1F,0x3F,0x3F,0x7F,0x7F,0xFE,0xFC,0xFC,0xFC},{
  57          0xF8,0xF8,0xF8,0xF8,0xF8,0xFC,0xFE,0xFF,0x7F,0x7F,0x3F,0x0F,0x03,0x00,0x00,0x00},{
  58          0x00,0x00,0x00,0x00,0x00,0x00,0x00,0x00,0x00,0x00,0x00,0x00,0x00,0x00,0x00,0x00},{
  59          0x00,0x00,0x00,0x00,0x00,0x00,0x00,0x00,0x00,0x00,0x00,0x00,0x00,0x00,0x00,0x00}},{{
  60          0x00,0x00,0x00,0x00,0x00,0x00,0x00,0x00,0x00,0x00,0x00,0x00,0x00,0x00,0x00,0x00},{
  61          0x00,0x00,0x00,0x00,0x00,0x00,0x00,0x00,0x00,0x00,0x00,0x00,0x00,0x00,0x00,0x00},{
  62          0x00,0x00,0x00,0x00,0x00,0x00,0x00,0x00,0x00,0x00,0x00,0x00,0x00,0x00,0x00,0x00},{
  63          0x00,0x00,0x00,0x00,0x00,0x00,0x00,0x00,0x00,0x00,0x00,0x00,0x00,0x00,0x00,0x00},{
  64          0x00,0x00,0x00,0x00,0x00,0x00,0x00,0x00,0x00,0x00,0x00,0x00,0x00,0x00,0x00,0x01},{
  65          0x01,0x01,0x01,0x01,0x01,0x01,0x00,0x00,0x00,0x00,0x00,0x00,0x00,0x00,0x00,0x00},{
  66          0x00,0x00,0x00,0x00,0x00,0x00,0x00,0x00,0x00,0x00,0x00,0x00,0x00,0x00,0x00,0x00},{
  67          0x00,0x00,0x00,0x00,0x00,0x00,0x00,0x00,0x00,0x00,0x00,0x00,0x00,0x00,0x00,0x00}}};
  68          void Delay1000ms()    //@11.0592MHz
  69          {
  70   1        unsigned char i, j, k;
  71   1      
  72   1        _nop_();
  73   1        i = 8;
  74   1        j = 1;
  75   1        k = 243;
  76   1        do
  77   1        {
  78   2          do
  79   2          {
  80   3            while (--k);
  81   3          } while (--j);
  82   2        } while (--i);
  83   1      }
  84          
  85          void main()
  86          {
  87   1          //1. OLED初始化
  88   1          Oled_Init();
  89   1          Oled_Clear();
  90   1          Oled_Show_Str(1,1,"aminuosi");
  91   1          Oled_Show_Str(1,1,"hello world");
  92   1        
  93   1          while(1){
  94   2            Oled_Show_Str(1,1,"aminuosi");
  95   2            Oled_Show_Str(2,1,"hello world");
  96   2            Delay1000ms();
  97   2            Oled_Show_Str(1,1,"hello world");
  98   2            Oled_Show_Str(2,1,"aminuosi");
  99   2            Delay1000ms();
 100   2          }
 101   1      }


MODULE INFORMATION:   STATIC OVERLAYABLE
   CODE SIZE        =    106    ----
   CONSTANT SIZE    =   1045    ----
   XDATA SIZE       =   ----    ----
   PDATA SIZE       =   ----    ----
   DATA SIZE        =   ----    ----
   IDATA SIZE       =   ----    ----
   BIT SIZE         =   ----    ----
END OF MODULE INFORMATION.


C51 COMPILATION COMPLETE.  0 WARNING(S),  0 ERROR(S)
