C51 COMPILER V9.52.0.0   MIAN                                                              03/02/2024 15:05:25 PAGE 1   


C51 COMPILER V9.52.0.0, COMPILATION OF MODULE MIAN
OBJECT MODULE PLACED IN mian.OBJ
COMPILER INVOKED BY: D:\keil\C51\BIN\C51.EXE mian.c BROWSE DEBUG OBJECTEXTEND TABS(2)

line level    source

   1          #include"reg52.h"
   2          #include"intrins.h"
   3          int steering_num=0;
   4          int angle=0;
   5          double distance;
   6          double time;
   7          sbit sg90_con = P3^1;
   8          sbit D6 = P1^6;
   9          sbit trig = P2^5;
  10          sbit echo = P2^6;
  11          void Delay30ms();
  12          void Delay15us();
  13          void Delay2000ms();
  14          void steering_engine();
  15          void T0init();
  16          void T1init();
  17          double getdistance();
  18          void startHC();
  19          void main(){
  20   1        double dis;
  21   1        T0init();
  22   1        T1init();
  23   1        while(1){
  24   2          Delay30ms();
  25   2          dis = getdistance();
  26   2          if(dis >=20){
  27   3            angle = 2;
  28   3            steering_num= 0;
  29   3            D6 = 1;
  30   3          }else if(dis <20){
  31   3            angle = 5;
  32   3            D6 = 0;
  33   3            Delay2000ms();
  34   3            steering_num= 1;
  35   3          }
  36   2          TH1 = 0;
  37   2          TL1 = 0;
  38   2        }
  39   1      }
  40          void startHC(){
  41   1        trig = 0;
  42   1        trig = 1;
  43   1        Delay15us();
  44   1        trig = 0;
  45   1      }
  46          double getdistance(){
  47   1          startHC();
  48   1          while(echo == 0);
  49   1          TR1 = 1;
  50   1          while(echo == 1);
  51   1          TR1 = 0;
  52   1          time = (TL1+TH1*256)* 1.085;
  53   1          distance = time*0.017;
  54   1          return distance;
  55   1      }
C51 COMPILER V9.52.0.0   MIAN                                                              03/02/2024 15:05:25 PAGE 2   

  56          void steering_engine() interrupt 1
  57          {
  58   1        steering_num++;
  59   1        TL0 = 0x33;
  60   1        TH0 = 0xFE;
  61   1        if(steering_num == 1){
  62   2          sg90_con = 1;
  63   2        }
  64   1        if(steering_num == angle){
  65   2          sg90_con = 0;
  66   2        }
  67   1          
  68   1        if(steering_num == 40){
  69   2          steering_num = 0;
  70   2          sg90_con = 0;
  71   2              
  72   2        }
  73   1      }
  74          void T0init(){
  75   1        TMOD &= 0x0f;
  76   1        TMOD |= 0x10;
  77   1        TH1 =0;
  78   1        TL1 =0;
  79   1      }
  80          void T1init(){
  81   1        TMOD &= 0xf0;
  82   1        TMOD |= 0x01;
  83   1        //2 计算需要的时间
  84   1        TL0 = 0x33;
  85   1        TH0 = 0xFE;
  86   1        TR0 = 1;
  87   1        TF0 = 0;
  88   1        //打开中断
  89   1        ET0 = 1;
  90   1        //打开总线
  91   1        EA = 1;
  92   1      }
  93          void Delay15us()    //@11.0592MHz
  94          {
  95   1        unsigned char i;
  96   1      
  97   1        i = 4;
  98   1        while (--i);
  99   1      }
 100          void Delay30ms()    //@11.0592MHz
 101          {
 102   1        unsigned char i, j;
 103   1      
 104   1        i = 54;
 105   1        j = 199;
 106   1        do
 107   1        {
 108   2          while (--j);
 109   2        } while (--i);
 110   1      }
 111          void Delay2000ms()    //@11.0592MHz
 112          {
 113   1        unsigned char i, j, k;
 114   1      
 115   1        _nop_();
 116   1        i = 15;
 117   1        j = 2;
C51 COMPILER V9.52.0.0   MIAN                                                              03/02/2024 15:05:25 PAGE 3   

 118   1        k = 235;
 119   1        do
 120   1        {
 121   2          do
 122   2          {
 123   3            while (--k);
 124   3          } while (--j);
 125   2        } while (--i);
 126   1      }
 127          


MODULE INFORMATION:   STATIC OVERLAYABLE
   CODE SIZE        =    307    ----
   CONSTANT SIZE    =   ----    ----
   XDATA SIZE       =   ----    ----
   PDATA SIZE       =   ----    ----
   DATA SIZE        =     12       4
   IDATA SIZE       =   ----    ----
   BIT SIZE         =   ----    ----
END OF MODULE INFORMATION.


C51 COMPILATION COMPLETE.  0 WARNING(S),  0 ERROR(S)
