C51 COMPILER V9.52.0.0   DELAY                                                             03/08/2024 17:14:42 PAGE 1   


C51 COMPILER V9.52.0.0, COMPILATION OF MODULE DELAY
OBJECT MODULE PLACED IN delay.OBJ
COMPILER INVOKED BY: D:\keil\C51\BIN\C51.EXE delay.c OPTIMIZE(9,SPEED) BROWSE DEBUG OBJECTEXTEND TABS(2)

line level    source

   1          #include "intrins.h"
   2          void Delay15ms()    //@11.0592MHz
   3          {
   4   1        unsigned char i, j;
   5   1      
   6   1        i = 27;
   7   1        j = 226;
   8   1        do
   9   1        {
  10   2          while (--j);
  11   2        } while (--i);
  12   1      }
  13          void Delay5ms()   //@11.0592MHz
  14          {
  15   1        unsigned char i, j;
  16   1      
  17   1        i = 9;
  18   1        j = 244;
  19   1        do
  20   1        {
  21   2          while (--j);
  22   2        } while (--i);
  23   1      }
  24          void Delay1000ms()    //@11.0592MHz
  25          {
  26   1        unsigned char i, j, k;
  27   1      
  28   1        _nop_();
  29   1        i = 8;
  30   1        j = 1;
  31   1        k = 243;
  32   1        do
  33   1        {
  34   2          do
  35   2          {
  36   3            while (--k);
  37   3          } while (--j);
  38   2        } while (--i);
  39   1      }
  40          void Delay30ms()    //@11.0592MHz
  41          {
  42   1        unsigned char i, j;
  43   1      
  44   1        i = 54;
  45   1        j = 199;
  46   1        do
  47   1        {
  48   2          while (--j);
  49   2        } while (--i);
  50   1      }
  51          void Delay20ms()    //@11.0592MHz
  52          {
  53   1        unsigned char i, j;
  54   1      
  55   1        i = 36;
C51 COMPILER V9.52.0.0   DELAY                                                             03/08/2024 17:14:42 PAGE 2   

  56   1        j = 217;
  57   1        do
  58   1        {
  59   2          while (--j);
  60   2        } while (--i);
  61   1      }
  62          void Delay60us()    //@11.0592MHz
  63          {
  64   1        unsigned char i;
  65   1      
  66   1        i = 25;
  67   1        while (--i);
  68   1      }
  69          void Delay40us()    //@11.0592MHz
  70          {
  71   1        unsigned char i;
  72   1      
  73   1        _nop_();
  74   1        i = 15;
  75   1        while (--i);
  76   1      }
  77          void Delay2000ms()    //@11.0592MHz
  78          {
  79   1        unsigned char i, j, k;
  80   1      
  81   1        _nop_();
  82   1        i = 15;
  83   1        j = 2;
  84   1        k = 235;
  85   1        do
  86   1        {
  87   2          do
  88   2          {
  89   3            while (--k);
  90   3          } while (--j);
  91   2        } while (--i);
  92   1      }


MODULE INFORMATION:   STATIC OVERLAYABLE
   CODE SIZE        =     75    ----
   CONSTANT SIZE    =   ----    ----
   XDATA SIZE       =   ----    ----
   PDATA SIZE       =   ----    ----
   DATA SIZE        =   ----    ----
   IDATA SIZE       =   ----    ----
   BIT SIZE         =   ----    ----
END OF MODULE INFORMATION.


C51 COMPILATION COMPLETE.  0 WARNING(S),  0 ERROR(S)
