C51 COMPILER V9.52.0.0   DHT                                                               03/08/2024 17:14:42 PAGE 1   


C51 COMPILER V9.52.0.0, COMPILATION OF MODULE DHT
OBJECT MODULE PLACED IN dht.OBJ
COMPILER INVOKED BY: D:\keil\C51\BIN\C51.EXE dht.c OPTIMIZE(9,SPEED) BROWSE DEBUG OBJECTEXTEND TABS(2)

line level    source

   1          #include "delay.h"
   2          #include "reg52.h"
   3          #include "dht.h"
   4          sbit dht = P1^6;
   5          char array[5];
   6          char temperature[16];
   7          char humidity[16];
   8          
   9          
  10          char * read_data(){
  11   1        int i,j;
  12   1        char tmp;
  13   1        char flag;
  14   1        check_connect();
  15   1        for(i=0;i<5;i++){
  16   2          for(j=0;j<8;j++){
  17   3            while(!dht);
  18   3            Delay40us();
  19   3            if(dht == 1){
  20   4              flag=1;
  21   4              while(dht);
  22   4        //    }if(dht == 0){
  23   4            }else{
  24   4              flag=0;
  25   4            }
  26   3            tmp = tmp << 1;
  27   3            tmp |= flag;
  28   3          }
  29   2          array[i] = tmp;
  30   2        }
  31   1        return array;
  32   1      }
  33          char * dht_temp_show(char *array){
  34   1        temperature[0]='T';
  35   1        temperature[1]=':';
  36   1        temperature[2]=array[2]/10+0x30;
  37   1        temperature[3]=array[2]%10+0x30;
  38   1        temperature[4]='.';
  39   1        temperature[5]=array[3]/10+0x30;
  40   1        temperature[6]=array[3]%10+0x30;
  41   1        temperature[7]='C';
  42   1        return temperature;
  43   1      }
  44          char * dht_humi_show(char *array){
  45   1        humidity[0]='H';
  46   1        humidity[1]=':';
  47   1        humidity[2]=array[0]/10+0x30;
  48   1        humidity[3]=array[0]/10+0x30;
  49   1        humidity[4]='.';
  50   1        humidity[5]=array[1]/10+0x30;
  51   1        humidity[6]=array[1]/10+0x30;
  52   1        humidity[7]='%';
  53   1        return humidity;
  54   1      }
  55          void check_connect(){
C51 COMPILER V9.52.0.0   DHT                                                               03/08/2024 17:14:42 PAGE 2   

  56   1        dht=1;
  57   1        dht = 0;
  58   1        Delay30ms();
  59   1        dht = 1;
  60   1      //  Delay60us();
  61   1        while(dht);
  62   1        while(!dht);
  63   1        while(dht);
  64   1      
  65   1      }


MODULE INFORMATION:   STATIC OVERLAYABLE
   CODE SIZE        =    228    ----
   CONSTANT SIZE    =   ----    ----
   XDATA SIZE       =   ----    ----
   PDATA SIZE       =   ----    ----
   DATA SIZE        =     37       6
   IDATA SIZE       =   ----    ----
   BIT SIZE         =   ----    ----
END OF MODULE INFORMATION.


C51 COMPILATION COMPLETE.  0 WARNING(S),  0 ERROR(S)
