C51 COMPILER V9.52.0.0   LCD1602                                                           03/08/2024 17:14:42 PAGE 1   


C51 COMPILER V9.52.0.0, COMPILATION OF MODULE LCD1602
OBJECT MODULE PLACED IN lcd1602.OBJ
COMPILER INVOKED BY: D:\keil\C51\BIN\C51.EXE lcd1602.c OPTIMIZE(9,SPEED) BROWSE DEBUG OBJECTEXTEND TABS(2)

line level    source

   1          #include "intrins.h"
   2          #include "reg52.h"
   3          #include "lcd1602.h"
   4          #include "delay.h"
   5          #define lcddata P2
   6          sbit RS=P0^7;
   7          sbit RW=P0^6;
   8          sbit EN=P0^5;
   9          void write_data(char cmd){
  10   1        check_busy();
  11   1        RS =1;
  12   1        RW = 0;
  13   1        
  14   1        EN = 0;
  15   1        _nop_();
  16   1        lcddata = cmd;
  17   1          _nop_();
  18   1        EN = 1;
  19   1        _nop_();
  20   1        _nop_();
  21   1        EN = 0;
  22   1        _nop_();
  23   1      }
  24          void writedataline(char position , char array , char latter[]){
  25   1        char arrays;
  26   1        int i = 0;
  27   1        switch(array){
  28   2          case 1:
  29   2            arrays = position+0x80;
  30   2            write_command(arrays);
  31   2            while(*latter){
  32   3              write_data(*latter);
  33   3              latter++;
  34   3            }
  35   2            break;
  36   2          case 2:
  37   2            arrays = position+0x40+0x80;
  38   2            write_command(arrays);
  39   2      /*    while(i<len){
  40   2            write_data(latter[i]);
  41   2          }*/
  42   2            while(*latter){
  43   3              write_data(*latter);
  44   3              latter++;
  45   3            }
  46   2            break;
  47   2        }
  48   1      }
  49          
  50          void write_command(char cmd){
  51   1        check_busy();
  52   1        RS =0;
  53   1        RW = 0;
  54   1        
  55   1        EN = 0;
C51 COMPILER V9.52.0.0   LCD1602                                                           03/08/2024 17:14:42 PAGE 2   

  56   1        _nop_();
  57   1        lcddata = cmd;
  58   1          _nop_();
  59   1        EN = 1;
  60   1        _nop_();
  61   1        _nop_();
  62   1        EN = 0;
  63   1        _nop_();
  64   1      }
  65          void lcdinit(){
  66   1        Delay15ms();
  67   1        write_command(0x38);
  68   1        Delay5ms();
  69   1        write_command(0x38);
  70   1        Delay5ms();
  71   1        write_command(0x38);
  72   1        Delay5ms();
  73   1        write_command(0x38);
  74   1        write_command(0x08);
  75   1        write_command(0x01);
  76   1        write_command(0x06);
  77   1        write_command(0x0c);
  78   1        
  79   1      }
  80          void check_busy(){
  81   1        char tmp = 0x80;
  82   1        lcddata = 0x80;
  83   1      //  while(read_command(tmp) & 0x80);
  84   1        while(tmp & 0x80){
  85   2          RS =0;
  86   2          RW = 1;
  87   2        
  88   2          EN = 0;
  89   2          _nop_();
  90   2      
  91   2          EN = 1;
  92   2          _nop_();
  93   2          _nop_();
  94   2          tmp = lcddata;
  95   2          EN = 0;
  96   2          _nop_();
  97   2        }
  98   1      }


MODULE INFORMATION:   STATIC OVERLAYABLE
   CODE SIZE        =    210    ----
   CONSTANT SIZE    =   ----    ----
   XDATA SIZE       =   ----    ----
   PDATA SIZE       =   ----    ----
   DATA SIZE        =   ----       9
   IDATA SIZE       =   ----    ----
   BIT SIZE         =   ----    ----
END OF MODULE INFORMATION.


C51 COMPILATION COMPLETE.  0 WARNING(S),  0 ERROR(S)
