C51 COMPILER V9.52.0.0   MIAN                                                              03/08/2024 17:14:42 PAGE 1   


C51 COMPILER V9.52.0.0, COMPILATION OF MODULE MIAN
OBJECT MODULE PLACED IN mian.OBJ
COMPILER INVOKED BY: D:\keil\C51\BIN\C51.EXE mian.c OPTIMIZE(9,SPEED) BROWSE DEBUG OBJECTEXTEND TABS(2)

line level    source

   1          #include "reg52.h"
   2          #include "intrins.h"
   3          #include <string.h>
   4          #include "delay.h"
   5          #include "dht.h"
   6          #include "lcd1602.h"
   7          #include "uart.h"
   8          
   9          sbit relay = P1^0;
  10          
  11          int main(){
  12   1        char *array;
  13   1        char *humi;
  14   1        char *temp;
  15   1        char Tp=0x02;
  16   1        char Hp=0x02;
  17   1        uart_init();
  18   1        //lcd1602
  19   1        Delay2000ms();
  20   1        lcdinit();
  21   1        Delay15ms();
  22   1        while(1){
  23   2          Delay2000ms();
  24   2          lcdinit();
  25   2          array=read_data();
  26   2          humi=dht_humi_show(array);
  27   2          temp=dht_temp_show(array);
  28   2          
  29   2          writedataline(Tp,1,temp);
  30   2          writedataline(Hp,2,humi);
  31   2        //  writedataline(Tp,1,"hello");
  32   2      //    writedataline(Hp,2,"world");
  33   2          if(array[0] > 50){
  34   3            relay = 0;
  35   3          }else{
  36   3            relay = 1;
  37   3          }
  38   2          sendstring(temp);
  39   2          sendstring("\r\n");
  40   2          sendstring(humi);
  41   2          sendstring("\r\n");
  42   2        }
  43   1      }
  44          /*  
  45              sendbyte(array[2]/10+0x30);
  46              sendbyte(array[2]%10+0x30);
  47              sendstring("\r\n");
  48              sendstring("H:");
  49              sendbyte(array[0]/10 + 0x30);//43 a 
  50              sendbyte(array[0]%10 + 0x30);
  51              sendbyte('.');
  52              sendbyte(array[1]/10 + 0x30);//43 a 
  53              sendbyte(array[1]%10 + 0x30); 
  54              sendstring("\r\n"); 
  55              sendstring("T:");
C51 COMPILER V9.52.0.0   MIAN                                                              03/08/2024 17:14:42 PAGE 2   

  56              sendbyte(array[2]/10 + 0x30);//43 a 
  57              sendbyte(array[2]%10 + 0x30); 
  58              sendbyte('.');
  59              sendbyte(array[3]/10 + 0x30);//43 a 
  60              sendbyte(array[3]%10 + 0x30);     
  61              sendstring("\r\n"); 
  62          */    
  63          
  64          
  65          
  66          
  67          
  68          
  69          
  70          
  71            


MODULE INFORMATION:   STATIC OVERLAYABLE
   CODE SIZE        =    132    ----
   CONSTANT SIZE    =      3    ----
   XDATA SIZE       =   ----    ----
   PDATA SIZE       =   ----    ----
   DATA SIZE        =   ----      11
   IDATA SIZE       =   ----    ----
   BIT SIZE         =   ----    ----
END OF MODULE INFORMATION.


C51 COMPILATION COMPLETE.  0 WARNING(S),  0 ERROR(S)
