C51 COMPILER V9.52.0.0   UART                                                              03/08/2024 17:14:42 PAGE 1   


C51 COMPILER V9.52.0.0, COMPILATION OF MODULE UART
OBJECT MODULE PLACED IN uart.OBJ
COMPILER INVOKED BY: D:\keil\C51\BIN\C51.EXE uart.c OPTIMIZE(9,SPEED) BROWSE DEBUG OBJECTEXTEND TABS(2)

line level    source

   1          #include "reg52.h"
   2          #include <string.h>
   3          #include <delay.h>
   4          sbit relay = P1^0;
   5          sbit led6 = P1^2;//D4 led
   6          sbit led5 = P1^3;//D5 led
   7          sfr AUXR = 0x8e;
   8          
   9          char sbufarray[8];
  10          
  11          int num= 8;
  12          void uart_init(){
  13   1        AUXR = 0X01;
  14   1        SCON = 0x50;
  15   1        TMOD &= 0xf0;
  16   1        TMOD |= 0x20;
  17   1        TH1 = 0XFD;
  18   1        TH1 = 0XFD;
  19   1        TR1 = 1;
  20   1        EA = 1;
  21   1        ES = 1;
  22   1      }
  23          void sendbyte(char data1){
  24   1        SBUF = data1;
  25   1        while(!TI);
  26   1        TI = 0;
  27   1      }
  28          void sendstring(char *pp){
  29   1        while(*pp != '\0'){
  30   2          sendbyte(*pp);
  31   2          pp++;
  32   2        }
  33   1      }
  34          void INTR() interrupt 4{
  35   1        static int i=0;
  36   1        char cmd;
  37   1        if(RI == 1){
  38   2          RI = 0;
  39   2          cmd = SBUF;
  40   2          if(cmd == ':'){
  41   3            i=0;
  42   3          }
  43   2          sbufarray[i] = SBUF;
  44   2          i++;
  45   2          
  46   2          if(sbufarray[0]==':' && sbufarray[1]=='o' && sbufarray[2]=='p'){
  47   3            led5 = 0;
  48   3            relay = 0;
  49   3            Delay2000ms();
  50   3            memset(sbufarray,'\0',num);
  51   3          }
  52   2          if(sbufarray[0]==':' && sbufarray[1]=='c' && sbufarray[2]=='l'){
  53   3            led5 = 1;
  54   3            relay = 1;
  55   3            Delay2000ms();
C51 COMPILER V9.52.0.0   UART                                                              03/08/2024 17:14:42 PAGE 2   

  56   3            memset(sbufarray,'\0',num);
  57   3          }
  58   2        }
  59   1      }


MODULE INFORMATION:   STATIC OVERLAYABLE
   CODE SIZE        =    204    ----
   CONSTANT SIZE    =   ----    ----
   XDATA SIZE       =   ----    ----
   PDATA SIZE       =   ----    ----
   DATA SIZE        =     12    ----
   IDATA SIZE       =   ----    ----
   BIT SIZE         =   ----    ----
END OF MODULE INFORMATION.


C51 COMPILATION COMPLETE.  0 WARNING(S),  0 ERROR(S)
