C51 COMPILER V9.52.0.0   MIAN                                                              02/29/2024 22:03:29 PAGE 1   


C51 COMPILER V9.52.0.0, COMPILATION OF MODULE MIAN
OBJECT MODULE PLACED IN mian.OBJ
COMPILER INVOKED BY: D:\keil\C51\BIN\C51.EXE mian.c BROWSE DEBUG OBJECTEXTEND TABS(2)

line level    source

   1          #include"reg52.h"
   2          #include"intrins.h"
   3          sbit vibrate = P3^3;
   4          sbit led5 = P3^7;
   5          sbit led6 = P3^6;
   6          sbit relay = P1^1;
   7          void Delay2000ms();
   8          void main(){
   9   1        while(1){
  10   2          if(vibrate == 0){
  11   3            led5 = 0;
  12   3            relay = 0;
  13   3            Delay2000ms();
  14   3          }else if(vibrate ==1){
  15   3            led5 = 1;
  16   3            relay = 1;
  17   3          }
  18   2        }
  19   1      }
  20          void Delay2000ms()    //@11.0592MHz
  21          {
  22   1        unsigned char i, j, k;
  23   1      
  24   1        _nop_();
  25   1        i = 15;
  26   1        j = 2;
  27   1        k = 235;
  28   1        do
  29   1        {
  30   2          do
  31   2          {
  32   3            while (--k);
  33   3          } while (--j);
  34   2        } while (--i);
  35   1      }


MODULE INFORMATION:   STATIC OVERLAYABLE
   CODE SIZE        =     35    ----
   CONSTANT SIZE    =   ----    ----
   XDATA SIZE       =   ----    ----
   PDATA SIZE       =   ----    ----
   DATA SIZE        =   ----    ----
   IDATA SIZE       =   ----    ----
   BIT SIZE         =   ----    ----
END OF MODULE INFORMATION.


C51 COMPILATION COMPLETE.  0 WARNING(S),  0 ERROR(S)
